<?xml version="1.0" encoding="UTF-8"?>
<!-- Generated by org.testng.reporters.JUnitReportReporter -->
<testsuite hostname="DESKTOP-402V9A7" failures="0" tests="4" name="UjianKedua.TestMatematika" time="0.018" errors="0" timestamp="2022-09-06T13:27:10 WIB" skipped="0">
  <testcase classname="UjianKedua.TestMatematika" name="testTambahNilai" time="0.009"/>
  <system-out/>
  <testcase classname="UjianKedua.TestMatematika" name="testKurangNilai" time="0.006"/>
  <system-out/>
  <testcase classname="UjianKedua.TestMatematika" name="testBagiNilai" time="0.002"/>
  <system-out/>
  <testcase classname="UjianKedua.TestMatematika" name="testModulusNilai" time="0.001"/>
  <system-out/>
</testsuite> <!-- UjianKedua.TestMatematika -->
