<?xml version="1.0" encoding="UTF-8"?>
<!-- Generated by org.testng.reporters.JUnitReportReporter -->
<testsuite hostname="DESKTOP-402V9A7" failures="0" tests="1" name="UjianKedua.TestStringNumeric" time="0.016" errors="0" timestamp="2022-09-06T13:39:11 WIB" skipped="0">
  <testcase classname="UjianKedua.TestStringNumeric" name="testParseOne" time="0.016"/>
  <system-out/>
</testsuite> <!-- UjianKedua.TestStringNumeric -->
