<?xml version="1.0" encoding="UTF-8"?>
<!-- Generated by org.testng.reporters.JUnitReportReporter -->
<testsuite hostname="DESKTOP-402V9A7" failures="0" tests="3" name="UjianKedua.TestGeometri" time="0.004" errors="0" timestamp="2022-09-06T13:39:11 WIB" skipped="0">
  <testcase classname="UjianKedua.TestGeometri" name="testLuasPersegi" time="0.001"/>
  <system-out/>
  <testcase classname="UjianKedua.TestGeometri" name="testLuasSegitiga" time="0.002"/>
  <system-out/>
  <testcase classname="UjianKedua.TestGeometri" name="testLuasTrapesium" time="0.001"/>
  <system-out/>
</testsuite> <!-- UjianKedua.TestGeometri -->
